C:\USERS\ABHISHEK\DOCUMENTS\VISUAL STUDIO 2012\PROJECTS\TRAIL PROJECTS\SANDBOARD\SANDBOARD\DEBUG\SOURCE.OBJ
C:\USERS\ABHISHEK\DOCUMENTS\VISUAL STUDIO 2012\PROJECTS\TRAIL PROJECTS\SANDBOARD\SANDBOARD\DEBUG\VC110.PDB
C:\USERS\ABHISHEK\DOCUMENTS\VISUAL STUDIO 2012\PROJECTS\TRAIL PROJECTS\SANDBOARD\DEBUG\SANDBOARD.ILK
C:\USERS\ABHISHEK\DOCUMENTS\VISUAL STUDIO 2012\PROJECTS\TRAIL PROJECTS\SANDBOARD\DEBUG\SANDBOARD.EXE
C:\USERS\ABHISHEK\DOCUMENTS\VISUAL STUDIO 2012\PROJECTS\TRAIL PROJECTS\SANDBOARD\DEBUG\SANDBOARD.PDB
C:\Users\Abhishek\documents\visual studio 2012\Projects\Trail projects\sandboard\sandboard\Debug\Source.obj
C:\Users\Abhishek\documents\visual studio 2012\Projects\Trail projects\sandboard\sandboard\Debug\cl.command.1.tlog
C:\Users\Abhishek\documents\visual studio 2012\Projects\Trail projects\sandboard\sandboard\Debug\CL.read.1.tlog
C:\Users\Abhishek\documents\visual studio 2012\Projects\Trail projects\sandboard\sandboard\Debug\CL.write.1.tlog
C:\Users\Abhishek\documents\visual studio 2012\Projects\Trail projects\sandboard\sandboard\Debug\link-cvtres.read.1.tlog
C:\Users\Abhishek\documents\visual studio 2012\Projects\Trail projects\sandboard\sandboard\Debug\link-cvtres.write.1.tlog
C:\Users\Abhishek\documents\visual studio 2012\Projects\Trail projects\sandboard\sandboard\Debug\link-rc.read.1.tlog
C:\Users\Abhishek\documents\visual studio 2012\Projects\Trail projects\sandboard\sandboard\Debug\link-rc.write.1.tlog
C:\Users\Abhishek\documents\visual studio 2012\Projects\Trail projects\sandboard\sandboard\Debug\link.13880-cvtres.read.1.tlog
C:\Users\Abhishek\documents\visual studio 2012\Projects\Trail projects\sandboard\sandboard\Debug\link.13880-cvtres.write.1.tlog
C:\Users\Abhishek\documents\visual studio 2012\Projects\Trail projects\sandboard\sandboard\Debug\link.13880-rc.read.1.tlog
C:\Users\Abhishek\documents\visual studio 2012\Projects\Trail projects\sandboard\sandboard\Debug\link.13880-rc.write.1.tlog
C:\Users\Abhishek\documents\visual studio 2012\Projects\Trail projects\sandboard\sandboard\Debug\link.13880.read.1.tlog
C:\Users\Abhishek\documents\visual studio 2012\Projects\Trail projects\sandboard\sandboard\Debug\link.13880.write.1.tlog
C:\Users\Abhishek\documents\visual studio 2012\Projects\Trail projects\sandboard\sandboard\Debug\link.13912-cvtres.read.1.tlog
C:\Users\Abhishek\documents\visual studio 2012\Projects\Trail projects\sandboard\sandboard\Debug\link.13912-cvtres.write.1.tlog
C:\Users\Abhishek\documents\visual studio 2012\Projects\Trail projects\sandboard\sandboard\Debug\link.13912-rc.read.1.tlog
C:\Users\Abhishek\documents\visual studio 2012\Projects\Trail projects\sandboard\sandboard\Debug\link.13912-rc.write.1.tlog
C:\Users\Abhishek\documents\visual studio 2012\Projects\Trail projects\sandboard\sandboard\Debug\link.13912.read.1.tlog
C:\Users\Abhishek\documents\visual studio 2012\Projects\Trail projects\sandboard\sandboard\Debug\link.13912.write.1.tlog
C:\Users\Abhishek\documents\visual studio 2012\Projects\Trail projects\sandboard\sandboard\Debug\link.14028-cvtres.read.1.tlog
C:\Users\Abhishek\documents\visual studio 2012\Projects\Trail projects\sandboard\sandboard\Debug\link.14028-cvtres.write.1.tlog
C:\Users\Abhishek\documents\visual studio 2012\Projects\Trail projects\sandboard\sandboard\Debug\link.14028-rc.read.1.tlog
C:\Users\Abhishek\documents\visual studio 2012\Projects\Trail projects\sandboard\sandboard\Debug\link.14028-rc.write.1.tlog
C:\Users\Abhishek\documents\visual studio 2012\Projects\Trail projects\sandboard\sandboard\Debug\link.14028.read.1.tlog
C:\Users\Abhishek\documents\visual studio 2012\Projects\Trail projects\sandboard\sandboard\Debug\link.14028.write.1.tlog
C:\Users\Abhishek\documents\visual studio 2012\Projects\Trail projects\sandboard\sandboard\Debug\link.14696-cvtres.read.1.tlog
C:\Users\Abhishek\documents\visual studio 2012\Projects\Trail projects\sandboard\sandboard\Debug\link.14696-cvtres.write.1.tlog
C:\Users\Abhishek\documents\visual studio 2012\Projects\Trail projects\sandboard\sandboard\Debug\link.14696-rc.read.1.tlog
C:\Users\Abhishek\documents\visual studio 2012\Projects\Trail projects\sandboard\sandboard\Debug\link.14696-rc.write.1.tlog
C:\Users\Abhishek\documents\visual studio 2012\Projects\Trail projects\sandboard\sandboard\Debug\link.14696.read.1.tlog
C:\Users\Abhishek\documents\visual studio 2012\Projects\Trail projects\sandboard\sandboard\Debug\link.14696.write.1.tlog
C:\Users\Abhishek\documents\visual studio 2012\Projects\Trail projects\sandboard\sandboard\Debug\link.14792-cvtres.read.1.tlog
C:\Users\Abhishek\documents\visual studio 2012\Projects\Trail projects\sandboard\sandboard\Debug\link.14792-cvtres.write.1.tlog
C:\Users\Abhishek\documents\visual studio 2012\Projects\Trail projects\sandboard\sandboard\Debug\link.14792-rc.read.1.tlog
C:\Users\Abhishek\documents\visual studio 2012\Projects\Trail projects\sandboard\sandboard\Debug\link.14792-rc.write.1.tlog
C:\Users\Abhishek\documents\visual studio 2012\Projects\Trail projects\sandboard\sandboard\Debug\link.14792.read.1.tlog
C:\Users\Abhishek\documents\visual studio 2012\Projects\Trail projects\sandboard\sandboard\Debug\link.14792.write.1.tlog
C:\Users\Abhishek\documents\visual studio 2012\Projects\Trail projects\sandboard\sandboard\Debug\link.4020-cvtres.read.1.tlog
C:\Users\Abhishek\documents\visual studio 2012\Projects\Trail projects\sandboard\sandboard\Debug\link.4020-cvtres.write.1.tlog
C:\Users\Abhishek\documents\visual studio 2012\Projects\Trail projects\sandboard\sandboard\Debug\link.4020-rc.read.1.tlog
C:\Users\Abhishek\documents\visual studio 2012\Projects\Trail projects\sandboard\sandboard\Debug\link.4020-rc.write.1.tlog
C:\Users\Abhishek\documents\visual studio 2012\Projects\Trail projects\sandboard\sandboard\Debug\link.4020.read.1.tlog
C:\Users\Abhishek\documents\visual studio 2012\Projects\Trail projects\sandboard\sandboard\Debug\link.4020.write.1.tlog
C:\Users\Abhishek\documents\visual studio 2012\Projects\Trail projects\sandboard\sandboard\Debug\link.6080-cvtres.read.1.tlog
C:\Users\Abhishek\documents\visual studio 2012\Projects\Trail projects\sandboard\sandboard\Debug\link.6080-cvtres.write.1.tlog
C:\Users\Abhishek\documents\visual studio 2012\Projects\Trail projects\sandboard\sandboard\Debug\link.6080-rc.read.1.tlog
C:\Users\Abhishek\documents\visual studio 2012\Projects\Trail projects\sandboard\sandboard\Debug\link.6080-rc.write.1.tlog
C:\Users\Abhishek\documents\visual studio 2012\Projects\Trail projects\sandboard\sandboard\Debug\link.6080.read.1.tlog
C:\Users\Abhishek\documents\visual studio 2012\Projects\Trail projects\sandboard\sandboard\Debug\link.6080.write.1.tlog
C:\Users\Abhishek\documents\visual studio 2012\Projects\Trail projects\sandboard\sandboard\Debug\link.7936-cvtres.read.1.tlog
C:\Users\Abhishek\documents\visual studio 2012\Projects\Trail projects\sandboard\sandboard\Debug\link.7936-cvtres.write.1.tlog
C:\Users\Abhishek\documents\visual studio 2012\Projects\Trail projects\sandboard\sandboard\Debug\link.7936-rc.read.1.tlog
C:\Users\Abhishek\documents\visual studio 2012\Projects\Trail projects\sandboard\sandboard\Debug\link.7936-rc.write.1.tlog
C:\Users\Abhishek\documents\visual studio 2012\Projects\Trail projects\sandboard\sandboard\Debug\link.7936.read.1.tlog
C:\Users\Abhishek\documents\visual studio 2012\Projects\Trail projects\sandboard\sandboard\Debug\link.7936.write.1.tlog
C:\Users\Abhishek\documents\visual studio 2012\Projects\Trail projects\sandboard\sandboard\Debug\link.command.1.tlog
C:\Users\Abhishek\documents\visual studio 2012\Projects\Trail projects\sandboard\sandboard\Debug\link.read.1.tlog
C:\Users\Abhishek\documents\visual studio 2012\Projects\Trail projects\sandboard\sandboard\Debug\link.write.1.tlog
C:\Users\Abhishek\documents\visual studio 2012\Projects\Trail projects\sandboard\sandboard\Debug\vc110.idb
C:\Users\Abhishek\documents\visual studio 2012\Projects\Trail projects\sandboard\sandboard\Debug\vc110.pdb
C:\Users\Abhishek\documents\visual studio 2012\Projects\Trail projects\sandboard\Debug\sandboard.pdb
C:\Users\Abhishek\documents\visual studio 2012\Projects\Trail projects\sandboard\Debug\sandboard.exe
C:\Users\Abhishek\documents\visual studio 2012\Projects\Trail projects\sandboard\Debug\sandboard.ilk
