C:\USERS\ABHISHEK\DOCUMENTS\VISUAL STUDIO 2010\PROJECTS\T1\DEBUG\T1.EXE
C:\USERS\ABHISHEK\DOCUMENTS\VISUAL STUDIO 2010\PROJECTS\T1\DEBUG\T1.ILK
C:\USERS\ABHISHEK\DOCUMENTS\VISUAL STUDIO 2010\PROJECTS\T1\DEBUG\T1.PDB
C:\Users\Abhishek\documents\visual studio 2010\Projects\t1\t1\Debug\cl.command.1.tlog
C:\Users\Abhishek\documents\visual studio 2010\Projects\t1\t1\Debug\CL.read.1.tlog
C:\Users\Abhishek\documents\visual studio 2010\Projects\t1\t1\Debug\CL.write.1.tlog
C:\Users\Abhishek\documents\visual studio 2010\Projects\t1\t1\Debug\link.12604.read.1.tlog
C:\Users\Abhishek\documents\visual studio 2010\Projects\t1\t1\Debug\link.12604.read.3.tlog
C:\Users\Abhishek\documents\visual studio 2010\Projects\t1\t1\Debug\link.12604.write.1.tlog
C:\Users\Abhishek\documents\visual studio 2010\Projects\t1\t1\Debug\link.12604-cvtres.read.1.tlog
C:\Users\Abhishek\documents\visual studio 2010\Projects\t1\t1\Debug\link.12604-cvtres.write.1.tlog
C:\Users\Abhishek\documents\visual studio 2010\Projects\t1\t1\Debug\link.command.1.tlog
C:\Users\Abhishek\documents\visual studio 2010\Projects\t1\t1\Debug\link.read.1.tlog
C:\Users\Abhishek\documents\visual studio 2010\Projects\t1\t1\Debug\link.read.3.tlog
C:\Users\Abhishek\documents\visual studio 2010\Projects\t1\t1\Debug\link.write.1.tlog
C:\Users\Abhishek\documents\visual studio 2010\Projects\t1\t1\Debug\link-cvtres.read.1.tlog
C:\Users\Abhishek\documents\visual studio 2010\Projects\t1\t1\Debug\link-cvtres.write.1.tlog
C:\Users\Abhishek\documents\visual studio 2010\Projects\t1\t1\Debug\mt.command.1.tlog
C:\Users\Abhishek\documents\visual studio 2010\Projects\t1\t1\Debug\mt.read.1.tlog
C:\Users\Abhishek\documents\visual studio 2010\Projects\t1\t1\Debug\mt.write.1.tlog
C:\Users\Abhishek\documents\visual studio 2010\Projects\t1\t1\Debug\rc.command.1.tlog
C:\Users\Abhishek\documents\visual studio 2010\Projects\t1\t1\Debug\rc.read.1.tlog
C:\Users\Abhishek\documents\visual studio 2010\Projects\t1\t1\Debug\rc.write.1.tlog
C:\USERS\ABHISHEK\DOCUMENTS\VISUAL STUDIO 2010\PROJECTS\T1\T1\DEBUG\T1.EXE.EMBED.MANIFEST
C:\USERS\ABHISHEK\DOCUMENTS\VISUAL STUDIO 2010\PROJECTS\T1\T1\DEBUG\T1.EXE.EMBED.MANIFEST.RES
C:\USERS\ABHISHEK\DOCUMENTS\VISUAL STUDIO 2010\PROJECTS\T1\T1\DEBUG\T1.EXE.INTERMEDIATE.MANIFEST
C:\Users\Abhishek\documents\visual studio 2010\Projects\t1\t1\Debug\t1.write.1.tlog
C:\Users\Abhishek\documents\visual studio 2010\Projects\t1\t1\Debug\t1_manifest.rc
C:\Users\Abhishek\documents\visual studio 2010\Projects\t1\t1\Debug\vc100.idb
C:\USERS\ABHISHEK\DOCUMENTS\VISUAL STUDIO 2010\PROJECTS\T1\T1\DEBUG\VC100.PDB
