Build started 26/05/2013 04:37:21.
     1>Project "C:\Users\Abhishek\documents\visual studio 2010\Projects\t1\t1\t1.vcxproj" on node 2 (build target(s)).
     1>InitializeBuildStatus:
         Creating "Debug\t1.unsuccessfulbuild" because "AlwaysCreate" was specified.
       ClCompile:
         C:\Program Files (x86)\Microsoft Visual Studio 10.0\VC\bin\CL.exe /c /ZI /nologo /W3 /WX- /Od /Oy- /D WIN32 /D _DEBUG /D _CONSOLE /D _UNICODE /D UNICODE /Gm /EHsc /RTC1 /MDd /GS /fp:precise /Zc:wchar_t /Zc:forScope /Fo"Debug\\" /Fd"Debug\vc100.pdb" /Gd /TP /analyze- /errorReport:prompt a.cpp
         a.cpp
     1>c:\users\abhishek\documents\visual studio 2010\projects\t1\t1\a.cpp(322): warning C4996: 'sprintf': This function or variable may be unsafe. Consider using sprintf_s instead. To disable deprecation, use _CRT_SECURE_NO_WARNINGS. See online help for details.
                 c:\program files (x86)\microsoft visual studio 10.0\vc\include\stdio.h(371) : see declaration of 'sprintf'
       ManifestResourceCompile:
         All outputs are up-to-date.
       Link:
         C:\Program Files (x86)\Microsoft Visual Studio 10.0\VC\bin\link.exe /ERRORREPORT:PROMPT /OUT:"C:\Users\Abhishek\documents\visual studio 2010\Projects\t1\Debug\t1.exe" /INCREMENTAL /NOLOGO /LIBPATH:"C:\Program Files (x86)\Microsoft SDKs\Windows\v7.1A" kernel32.lib SOIL.lib user32.lib gdi32.lib winspool.lib comdlg32.lib advapi32.lib shell32.lib ole32.lib oleaut32.lib uuid.lib odbc32.lib odbccp32.lib kernel32.lib user32.lib gdi32.lib winspool.lib comdlg32.lib advapi32.lib shell32.lib ole32.lib oleaut32.lib uuid.lib odbc32.lib odbccp32.lib /MANIFEST /ManifestFile:"Debug\t1.exe.intermediate.manifest" /MANIFESTUAC:"level='asInvoker' uiAccess='false'" /DEBUG /PDB:"C:\Users\Abhishek\documents\visual studio 2010\Projects\t1\Debug\t1.pdb" /SUBSYSTEM:CONSOLE /TLBID:1 /DYNAMICBASE /NXCOMPAT /IMPLIB:"C:\Users\Abhishek\documents\visual studio 2010\Projects\t1\Debug\t1.lib" /MACHINE:X86 Debug\t1.exe.embed.manifest.res
         Debug\a.obj
       Manifest:
         C:\Program Files (x86)\Microsoft SDKs\Windows\v7.0A\bin\mt.exe /nologo /verbose /out:"Debug\t1.exe.embed.manifest" /manifest Debug\t1.exe.intermediate.manifest
         All outputs are up-to-date.
       LinkEmbedManifest:
         All outputs are up-to-date.
         t1.vcxproj -> C:\Users\Abhishek\documents\visual studio 2010\Projects\t1\Debug\t1.exe
       FinalizeBuildStatus:
         Deleting file "Debug\t1.unsuccessfulbuild".
         Touching "Debug\t1.lastbuildstate".
     1>Done Building Project "C:\Users\Abhishek\documents\visual studio 2010\Projects\t1\t1\t1.vcxproj" (build target(s)).

Build succeeded.

Time Elapsed 00:00:02.09
